<?xml version="1.0" encoding="UTF-8"?>
<!-- Generated by org.testng.reporters.JUnitReportReporter -->
<testsuite hostname="samuel-andoh" name="pageFactoryTest.eLoginPageTest" tests="1" failures="0" timestamp="10 May 2016 21:49:41 GMT" time="110.914" errors="0">
  <testcase name="parameterTestData" time="110.914" classname="pageFactoryTest.eLoginPageTest"/>
</testsuite> <!-- pageFactoryTest.eLoginPageTest -->
