<?xml version="1.0" encoding="UTF-8"?>
<!-- Generated by org.testng.reporters.JUnitReportReporter -->
<testsuite hostname="samuel-andoh" name="pageFactoryTest.eLoginPageTest" tests="1" failures="0" timestamp="10 May 2016 22:40:39 GMT" time="111.988" errors="0">
  <testcase name="parameterTestData" time="111.988" classname="pageFactoryTest.eLoginPageTest"/>
</testsuite> <!-- pageFactoryTest.eLoginPageTest -->
