<?xml version="1.0" encoding="UTF-8"?>
<!-- Generated by org.testng.reporters.JUnitReportReporter -->
<testsuite hostname="samuel-andoh" name="pageFactoryTest.dAppTest" tests="1" failures="0" timestamp="10 May 2016 21:11:12 GMT" time="124.415" errors="0">
  <testcase name="parameter" time="124.415" classname="pageFactoryTest.dAppTest"/>
</testsuite> <!-- pageFactoryTest.dAppTest -->
